# JRE version: Java(TM) SE Runtime Environment (8.0_144-b01) (build 1.8.0_144-b01)
# Java VM: Java HotSpot(TM) 64-Bit Server VM (25.144-b01 mixed mode windows-amd64 compressed oops)
Heap:
 PSYoungGen      total 47616K, used 29480K [0x00000000eaf80000, 0x00000000ef300000, 0x0000000100000000)
  eden space 46592K, 63% used [0x00000000eaf80000,0x00000000ecc4a150,0x00000000edd00000)
  from space 1024K, 0% used [0x00000000ef200000,0x00000000ef200000,0x00000000ef300000)
  to   space 2560K, 0% used [0x00000000eee00000,0x00000000eee00000,0x00000000ef080000)
 ParOldGen       total 117248K, used 31759K [0x00000000c0e00000, 0x00000000c8080000, 0x00000000eaf80000)
  object space 117248K, 27% used [0x00000000c0e00000,0x00000000c2d03ff0,0x00000000c8080000)
 Metaspace       used 15285K, capacity 15442K, committed 15744K, reserved 1062912K
  class space    used 2074K, capacity 2127K, committed 2176K, reserved 1048576K
GC Heap History (10 events):
Event: 0.731 GC heap before
{Heap before GC invocations=2 (full 0):
 PSYoungGen      total 18944K, used 17984K [0x00000000eaf80000, 0x00000000ed480000, 0x0000000100000000)
  eden space 16384K, 100% used [0x00000000eaf80000,0x00000000ebf80000,0x00000000ebf80000)
  from space 2560K, 62% used [0x00000000ebf80000,0x00000000ec110000,0x00000000ec200000)
  to   space 2560K, 0% used [0x00000000ed200000,0x00000000ed200000,0x00000000ed480000)
 ParOldGen       total 44032K, used 14396K [0x00000000c0e00000, 0x00000000c3900000, 0x00000000eaf80000)
  object space 44032K, 32% used [0x00000000c0e00000,0x00000000c1c0f040,0x00000000c3900000)
 Metaspace       used 8101K, capacity 8292K, committed 8576K, reserved 1056768K
  class space    used 975K, capacity 1058K, committed 1152K, reserved 1048576K
Event: 0.734 GC heap after
Heap after GC invocations=2 (full 0):
 PSYoungGen      total 35328K, used 1504K [0x00000000eaf80000, 0x00000000ed480000, 0x0000000100000000)
  eden space 32768K, 0% used [0x00000000eaf80000,0x00000000eaf80000,0x00000000ecf80000)
  from space 2560K, 58% used [0x00000000ed200000,0x00000000ed378000,0x00000000ed480000)
  to   space 2560K, 0% used [0x00000000ecf80000,0x00000000ecf80000,0x00000000ed200000)
 ParOldGen       total 44032K, used 14404K [0x00000000c0e00000, 0x00000000c3900000, 0x00000000eaf80000)
  object space 44032K, 32% used [0x00000000c0e00000,0x00000000c1c11040,0x00000000c3900000)
 Metaspace       used 8101K, capacity 8292K, committed 8576K, reserved 1056768K
  class space    used 975K, capacity 1058K, committed 1152K, reserved 1048576K
}
Event: 1.242 GC heap before
{Heap before GC invocations=3 (full 0):
 PSYoungGen      total 35328K, used 32496K [0x00000000eaf80000, 0x00000000ed480000, 0x0000000100000000)
  eden space 32768K, 94% used [0x00000000eaf80000,0x00000000ecdc4158,0x00000000ecf80000)
  from space 2560K, 58% used [0x00000000ed200000,0x00000000ed378000,0x00000000ed480000)
  to   space 2560K, 0% used [0x00000000ecf80000,0x00000000ecf80000,0x00000000ed200000)
 ParOldGen       total 44032K, used 14404K [0x00000000c0e00000, 0x00000000c3900000, 0x00000000eaf80000)
  object space 44032K, 32% used [0x00000000c0e00000,0x00000000c1c11040,0x00000000c3900000)
 Metaspace       used 11196K, capacity 11382K, committed 11520K, reserved 1058816K
  class space    used 1427K, capacity 1509K, committed 1536K, reserved 1048576K
Event: 1.251 GC heap after
Heap after GC invocations=3 (full 0):
 PSYoungGen      total 35328K, used 1952K [0x00000000eaf80000, 0x00000000ef480000, 0x0000000100000000)
  eden space 32768K, 0% used [0x00000000eaf80000,0x00000000eaf80000,0x00000000ecf80000)
  from space 2560K, 76% used [0x00000000ecf80000,0x00000000ed168020,0x00000000ed200000)
  to   space 2560K, 0% used [0x00000000ef200000,0x00000000ef200000,0x00000000ef480000)
 ParOldGen       total 44032K, used 32637K [0x00000000c0e00000, 0x00000000c3900000, 0x00000000eaf80000)
  object space 44032K, 74% used [0x00000000c0e00000,0x00000000c2ddf470,0x00000000c3900000)
 Metaspace       used 11196K, capacity 11382K, committed 11520K, reserved 1058816K
  class space    used 1427K, capacity 1509K, committed 1536K, reserved 1048576K
}
Event: 1.251 GC heap before
{Heap before GC invocations=4 (full 1):
 PSYoungGen      total 35328K, used 1952K [0x00000000eaf80000, 0x00000000ef480000, 0x0000000100000000)
  eden space 32768K, 0% used [0x00000000eaf80000,0x00000000eaf80000,0x00000000ecf80000)
  from space 2560K, 76% used [0x00000000ecf80000,0x00000000ed168020,0x00000000ed200000)
  to   space 2560K, 0% used [0x00000000ef200000,0x00000000ef200000,0x00000000ef480000)
 ParOldGen       total 44032K, used 32637K [0x00000000c0e00000, 0x00000000c3900000, 0x00000000eaf80000)
  object space 44032K, 74% used [0x00000000c0e00000,0x00000000c2ddf470,0x00000000c3900000)
 Metaspace       used 11196K, capacity 11382K, committed 11520K, reserved 1058816K
  class space    used 1427K, capacity 1509K, committed 1536K, reserved 1048576K
Event: 1.276 GC heap after
Heap after GC invocations=4 (full 1):
 PSYoungGen      total 35328K, used 0K [0x00000000eaf80000, 0x00000000ef480000, 0x0000000100000000)
  eden space 32768K, 0% used [0x00000000eaf80000,0x00000000eaf80000,0x00000000ecf80000)
  from space 2560K, 0% used [0x00000000ecf80000,0x00000000ecf80000,0x00000000ed200000)
  to   space 2560K, 0% used [0x00000000ef200000,0x00000000ef200000,0x00000000ef480000)
 ParOldGen       total 66048K, used 14631K [0x00000000c0e00000, 0x00000000c4e80000, 0x00000000eaf80000)
  object space 66048K, 22% used [0x00000000c0e00000,0x00000000c1c49fd0,0x00000000c4e80000)
 Metaspace       used 11196K, capacity 11382K, committed 11520K, reserved 1058816K
  class space    used 1427K, capacity 1509K, committed 1536K, reserved 1048576K
}
Event: 3.455 GC heap before
{Heap before GC invocations=5 (full 1):
 PSYoungGen      total 35328K, used 32768K [0x00000000eaf80000, 0x00000000ef480000, 0x0000000100000000)
  eden space 32768K, 100% used [0x00000000eaf80000,0x00000000ecf80000,0x00000000ecf80000)
  from space 2560K, 0% used [0x00000000ecf80000,0x00000000ecf80000,0x00000000ed200000)
  to   space 2560K, 0% used [0x00000000ef200000,0x00000000ef200000,0x00000000ef480000)
 ParOldGen       total 66048K, used 14631K [0x00000000c0e00000, 0x00000000c4e80000, 0x00000000eaf80000)
  object space 66048K, 22% used [0x00000000c0e00000,0x00000000c1c49fd0,0x00000000c4e80000)
 Metaspace       used 12870K, capacity 13088K, committed 13312K, reserved 1060864K
  class space    used 1664K, capacity 1734K, committed 1792K, reserved 1048576K
Event: 3.468 GC heap after
Heap after GC invocations=5 (full 1):
 PSYoungGen      total 47616K, used 629K [0x00000000eaf80000, 0x00000000ef300000, 0x0000000100000000)
  eden space 46592K, 0% used [0x00000000eaf80000,0x00000000eaf80000,0x00000000edd00000)
  from space 1024K, 61% used [0x00000000ef200000,0x00000000ef29d478,0x00000000ef300000)
  to   space 2560K, 0% used [0x00000000eee00000,0x00000000eee00000,0x00000000ef080000)
 ParOldGen       total 66048K, used 56479K [0x00000000c0e00000, 0x00000000c4e80000, 0x00000000eaf80000)
  object space 66048K, 85% used [0x00000000c0e00000,0x00000000c4527d50,0x00000000c4e80000)
 Metaspace       used 12870K, capacity 13088K, committed 13312K, reserved 1060864K
  class space    used 1664K, capacity 1734K, committed 1792K, reserved 1048576K
}
Event: 3.468 GC heap before
{Heap before GC invocations=6 (full 2):
 PSYoungGen      total 47616K, used 629K [0x00000000eaf80000, 0x00000000ef300000, 0x0000000100000000)
  eden space 46592K, 0% used [0x00000000eaf80000,0x00000000eaf80000,0x00000000edd00000)
  from space 1024K, 61% used [0x00000000ef200000,0x00000000ef29d478,0x00000000ef300000)
  to   space 2560K, 0% used [0x00000000eee00000,0x00000000eee00000,0x00000000ef080000)
 ParOldGen       total 66048K, used 56479K [0x00000000c0e00000, 0x00000000c4e80000, 0x00000000eaf80000)
  object space 66048K, 85% used [0x00000000c0e00000,0x00000000c4527d50,0x00000000c4e80000)
 Metaspace       used 12870K, capacity 13088K, committed 13312K, reserved 1060864K
  class space    used 1664K, capacity 1734K, committed 1792K, reserved 1048576K
Event: 3.485 GC heap after
Heap after GC invocations=6 (full 2):
 PSYoungGen      total 47616K, used 0K [0x00000000eaf80000, 0x00000000ef300000, 0x0000000100000000)
  eden space 46592K, 0% used [0x00000000eaf80000,0x00000000eaf80000,0x00000000edd00000)
  from space 1024K, 0% used [0x00000000ef200000,0x00000000ef200000,0x00000000ef300000)
  to   space 2560K, 0% used [0x00000000eee00000,0x00000000eee00000,0x00000000ef080000)
 ParOldGen       total 117248K, used 31759K [0x00000000c0e00000, 0x00000000c8080000, 0x00000000eaf80000)
  object space 117248K, 27% used [0x00000000c0e00000,0x00000000c2d03ff0,0x00000000c8080000)
 Metaspace       used 12870K, capacity 13088K, committed 13312K, reserved 1060864K
  class space    used 1664K, capacity 1734K, committed 1792K, reserved 1048576K
}

